---------------------------------------
Begin Slurm Prolog: Apr-05-2025 08:24:19
Job ID:    3540591
User ID:   jtronge3
Account:   gts-rvuduc3
Job name:  batch-2.sh
Partition: cpu-small
QOS:       embers
---------------------------------------
==> type=group
==> start_time=1743855859
srun: Job step aborted: Waiting up to 32 seconds for job step to finish.
slurmstepd: error: *** JOB 3540591 ON atl1-1-02-009-8-2 CANCELLED AT 2025-04-05T09:24:44 DUE TO TIME LIMIT ***
slurmstepd: error: *** STEP 3540591.0 ON atl1-1-02-009-8-2 CANCELLED AT 2025-04-05T09:24:44 DUE TO TIME LIMIT ***
---------------------------------------
Begin Slurm Epilog: Apr-05-2025 09:24:47
Job ID:        3540591
User ID:       jtronge3
Account:       gts-rvuduc3
Job name:      batch-2.sh
Resources:     cpu=24,mem=182808M,node=1
Rsrc Used:     cput=1-00:10:00,vmem=0,walltime=01:00:25,mem=11300K,energy_used=0
Partition:     cpu-small
QOS:           embers
Nodes:         atl1-1-02-009-8-2
---------------------------------------
