---------------------------------------
Begin Slurm Prolog: Apr-06-2025 17:30:36
Job ID:    3567743
User ID:   jtronge3
Account:   gts-rvuduc3
Job name:  batch-1.sh
Partition: cpu-small
QOS:       inferno
---------------------------------------
==> opts={"dims": [253734, 22345086, 1275628], "density": 7.80441e-12, "fiber_density": 2.81914e-06, "cv_fiber_per_slice": 5.24218, "cv_nnz_per_fiber": 1.04003}
==> start_time=1743975036
==> end_time=1743978482
---------------------------------------
Begin Slurm Epilog: Apr-06-2025 18:28:04
Job ID:        3567743
User ID:       jtronge3
Account:       gts-rvuduc3
Job name:      batch-1.sh
Resources:     cpu=24,mem=182808M,node=1
Rsrc Used:     cput=23:00:00,vmem=0,walltime=00:57:30,mem=145508156K,energy_used=0
Partition:     cpu-small
QOS:           inferno
Nodes:         atl1-1-02-012-25-2
---------------------------------------
