---------------------------------------
Begin Slurm Prolog: Apr-06-2025 17:30:36
Job ID:    3567742
User ID:   jtronge3
Account:   gts-rvuduc3
Job name:  batch-0.sh
Partition: cpu-small
QOS:       inferno
---------------------------------------
==> opts={"dims": [201389, 17735307, 1012466], "density": 7.80441e-12, "fiber_density": 2.81914e-06, "cv_fiber_per_slice": 5.24218, "cv_nnz_per_fiber": 1.04003}
==> start_time=1743975036
==> end_time=1743975990
---------------------------------------
Begin Slurm Epilog: Apr-06-2025 17:46:30
Job ID:        3567742
User ID:       jtronge3
Account:       gts-rvuduc3
Job name:      batch-0.sh
Resources:     cpu=24,mem=182808M,node=1
Rsrc Used:     cput=06:22:24,vmem=0,walltime=00:15:56,mem=71854548K,energy_used=0
Partition:     cpu-small
QOS:           inferno
Nodes:         atl1-1-02-012-24-2
---------------------------------------
