---------------------------------------
Begin Slurm Prolog: Apr-06-2025 17:32:15
Job ID:    3567748
User ID:   jtronge3
Account:   gts-rvuduc3
Job name:  batch-6.sh
Partition: cpu-small
QOS:       inferno
---------------------------------------
==> opts={"dims": [805558, 70941228, 4049867], "density": 7.80441e-12, "fiber_density": 2.81914e-06, "cv_fiber_per_slice": 5.24218, "cv_nnz_per_fiber": 1.04003}
==> start_time=1743975135
/var/lib/slurm/slurmd/job3567748/slurm_script: line 8: 1517217 Killed                  ./pgentensor/target/release/pgentensor --fname /storage/home/hcoda1/3/jtronge3/scratch/pgentensor-flickr-3d/sample-6.tns --dims 805558x70941228x4049867 --density 7.80441e-12 --fiber-density 2.81914e-06 --cv-fiber-slice 5.24218 --cv-nonzero-fiber 1.04003
==> end_time=1743975346
slurmstepd: error: Detected 1 oom_kill event in StepId=3567748.batch. Some of the step tasks have been OOM Killed.
---------------------------------------
Begin Slurm Epilog: Apr-06-2025 17:35:47
Job ID:        3567748
User ID:       jtronge3
Account:       gts-rvuduc3
Job name:      batch-6.sh
Resources:     cpu=24,mem=182808M,node=1
Rsrc Used:     cput=01:25:12,vmem=0,walltime=00:03:33,mem=187193944K,energy_used=0
Partition:     cpu-small
QOS:           inferno
Nodes:         atl1-1-02-009-5-2
---------------------------------------
