---------------------------------------
Begin Slurm Prolog: Apr-04-2025 15:44:37
Job ID:    3530521
User ID:   jtronge3
Account:   gts-rvuduc3
Job name:  batch-15.sh
Partition: cpu-small
QOS:       embers
---------------------------------------
## options:
dims=[209715200, 209715200, 209715200]
density=1e-07
fiber_density=4e-07
## end options
srun: Job step aborted: Waiting up to 32 seconds for job step to finish.
slurmstepd: error: *** JOB 3530521 ON atl1-1-02-008-16-1 CANCELLED AT 2025-04-04T16:44:59 DUE TO TIME LIMIT ***
slurmstepd: error: *** STEP 3530521.0 ON atl1-1-02-008-16-1 CANCELLED AT 2025-04-04T16:44:59 DUE TO TIME LIMIT ***
---------------------------------------
Begin Slurm Epilog: Apr-04-2025 16:45:02
Job ID:        3530521
User ID:       jtronge3
Account:       gts-rvuduc3
Job name:      batch-15.sh
Resources:     cpu=24,mem=182808M,node=1
Rsrc Used:     cput=1-00:08:24,vmem=0,walltime=01:00:21,mem=11300K,energy_used=0
Partition:     cpu-small
QOS:           embers
Nodes:         atl1-1-02-008-16-1
---------------------------------------
