---------------------------------------
Begin Slurm Prolog: Apr-04-2025 15:45:12
Job ID:    3530524
User ID:   jtronge3
Account:   gts-rvuduc3
Job name:  batch-18.sh
Partition: cpu-small
QOS:       embers
---------------------------------------
## options:
dims=[6400, 6400, 6400]
density=1e-11
fiber_density=4e-11
## end options
/storage/home/hcoda1/3/jtronge3/scratch/genten-tests/sample-18.tns 	 1 	 3 	 6400 	 6400 	 6400 	 1 	 nz_slc_cnt 	 6400 	 6400 	 density_slc 	 1 	 1 	 1 	 distr_type 	 0 	 max_fib_per_slc 	 6400 	 0 	 0 	 imbal_fib_per_slc 	 -1 	 -nan 	 -nan 	 std_fib_per_slc 	 0 	 0 	 -nan 	 cv_fib_per_slc 	 0.5 	 -nan 	 -nan 	 avg_fib_per_slc 	 0 	 0 	 -nan 	 nz_fib_cnt 	 0 	 0 	 density_fib 	 4e-11 	 0 	 -nan 	 0 	 distr_type 	 2 	 max_nz_per_fib 	 6400 	 0 	 0 	 imbal_nz_per_fib 	 -1 	 -nan 	 -nan 	 std_nz_per_fib 	 inf 	 -nan 	 -nan 	 cv_nz_per_fib 	 0.5 	 -nan 	 -nan 	 avg_nz_per_fib 	 inf 	 -nan 	 -nan 	 nnz 	 2 	 0 	 density 	 1e-11 	 0 	 0 	 0 	 24 	 TIME 	 0.0010621 	 0.0030627 	 0.0000472 	 0.0000115 	 0.0008232 	 0.0051080 
0.09user 0.00system 0:00.10elapsed 99%CPU (0avgtext+0avgdata 4324maxresident)k
0inputs+0outputs (0major+370minor)pagefaults 0swaps
 ---------------------------------------
Begin Slurm Epilog: Apr-04-2025 15:45:12
Job ID:        3530524
User ID:       jtronge3
Account:       gts-rvuduc3
Job name:      batch-18.sh
Resources:     cpu=24,mem=376808M,node=1
Rsrc Used:     cput=00:00:24,vmem=0,walltime=00:00:01,mem=8836K,energy_used=0
Partition:     cpu-small
QOS:           embers
Nodes:         atl1-1-03-002-1-1
---------------------------------------
