---------------------------------------
Begin Slurm Prolog: Apr-04-2025 15:55:07
Job ID:    3530536
User ID:   jtronge3
Account:   gts-rvuduc3
Job name:  batch-7.sh
Partition: cpu-small
QOS:       embers
---------------------------------------
## options:
dims=[209715200, 209715200, 209715200]
density=0.1
fiber_density=0.4
## end options
Command terminated by signal 9
2230.17user 36.00system 1:35.71elapsed 2367%CPU (0avgtext+0avgdata 186815504maxresident)k
0inputs+0outputs (18major+831591minor)pagefaults 0swaps
slurmstepd: error: Detected 1 oom_kill event in StepId=3530536.0. Some of the step tasks have been OOM Killed.
srun: error: atl1-1-02-008-2-1: task 0: Out Of Memory
---------------------------------------
Begin Slurm Epilog: Apr-04-2025 15:56:44
Job ID:        3530536
User ID:       jtronge3
Account:       gts-rvuduc3
Job name:      batch-7.sh
Resources:     cpu=24,mem=182808M,node=1
Rsrc Used:     cput=00:38:48,vmem=0,walltime=00:01:37,mem=9088K,energy_used=0
Partition:     cpu-small
QOS:           embers
Nodes:         atl1-1-02-008-2-1
---------------------------------------
