---------------------------------------
Begin Slurm Prolog: Apr-04-2025 15:53:11
Job ID:    3530531
User ID:   jtronge3
Account:   gts-rvuduc3
Job name:  batch-2.sh
Partition: cpu-small
QOS:       embers
---------------------------------------
## options:
dims=[6400, 6400, 6400]
density=0.1
fiber_density=0.4
## end options
Command terminated by signal 9
491.94user 655.16system 1:00.62elapsed 1892%CPU (0avgtext+0avgdata 186813232maxresident)k
0inputs+0outputs (48major+25840030minor)pagefaults 0swaps
slurmstepd: error: Detected 1 oom_kill event in StepId=3530531.0. Some of the step tasks have been OOM Killed.
srun: error: atl1-1-02-008-2-1: task 0: Out Of Memory
---------------------------------------
Begin Slurm Epilog: Apr-04-2025 15:54:12
Job ID:        3530531
User ID:       jtronge3
Account:       gts-rvuduc3
Job name:      batch-2.sh
Resources:     cpu=24,mem=182808M,node=1
Rsrc Used:     cput=00:24:24,vmem=0,walltime=00:01:01,mem=11796K,energy_used=0
Partition:     cpu-small
QOS:           embers
Nodes:         atl1-1-02-008-2-1
---------------------------------------
