---------------------------------------
Begin Slurm Prolog: Apr-04-2025 15:50:01
Job ID:    3530527
User ID:   jtronge3
Account:   gts-rvuduc3
Job name:  batch-20.sh
Partition: cpu-small
QOS:       embers
---------------------------------------
## options:
dims=[409600, 409600, 409600]
density=1e-11
fiber_density=4e-11
## end options
/storage/home/hcoda1/3/jtronge3/scratch/genten-tests/sample-20.tns 	 1 	 3 	 409600 	 409600 	 409600 	 1 	 nz_slc_cnt 	 409600 	 409600 	 density_slc 	 1 	 1 	 1 	 distr_type 	 2 	 max_fib_per_slc 	 409600 	 1 	 2.44141e-06 	 imbal_fib_per_slc 	 -1 	 0 	 -0 	 std_fib_per_slc 	 7.32422e-06 	 0 	 0 	 cv_fib_per_slc 	 0.5 	 0 	 0 	 avg_fib_per_slc 	 1.46484e-05 	 1 	 68266.7 	 nz_fib_cnt 	 6 	 409600 	 density_fib 	 4e-11 	 2.44141e-06 	 68266.7 	 61035.2 	 distr_type 	 2 	 max_nz_per_fib 	 409600 	 11 	 2.68555e-05 	 imbal_nz_per_fib 	 -1 	 5.73729 	 -5.73729 	 std_nz_per_fib 	 57266.2 	 0.695951 	 1.21529e-05 	 cv_nz_per_fib 	 0.5 	 0.426256 	 0.852512 	 avg_nz_per_fib 	 114532 	 1.63271 	 1.42554e-05 	 nnz 	 687194 	 668756 	 density 	 1e-11 	 9.73168e-12 	 1.7056 	 0.973168 	 24 	 TIME 	 0.0012818 	 0.0154069 	 4.8673563 	 0.0009840 	 0.3492062 	 5.2385381 
116.39user 0.30system 0:05.24elapsed 2224%CPU (0avgtext+0avgdata 73960maxresident)k
0inputs+31592outputs (21major+17294minor)pagefaults 0swaps
 ---------------------------------------
Begin Slurm Epilog: Apr-04-2025 15:50:07
Job ID:        3530527
User ID:       jtronge3
Account:       gts-rvuduc3
Job name:      batch-20.sh
Resources:     cpu=24,mem=182808M,node=1
Rsrc Used:     cput=00:02:24,vmem=0,walltime=00:00:06,mem=8736K,energy_used=0
Partition:     cpu-small
QOS:           embers
Nodes:         atl1-1-02-014-16-1
---------------------------------------
