---------------------------------------
Begin Slurm Prolog: Apr-04-2025 15:54:13
Job ID:    3530533
User ID:   jtronge3
Account:   gts-rvuduc3
Job name:  batch-4.sh
Partition: cpu-small
QOS:       embers
---------------------------------------
## options:
dims=[409600, 409600, 409600]
density=0.1
fiber_density=0.4
## end options
Command terminated by signal 9
977.35user 111.74system 0:51.95elapsed 2096%CPU (0avgtext+0avgdata 186721288maxresident)k
0inputs+0outputs (104major+46680155minor)pagefaults 0swaps
slurmstepd: error: Detected 1 oom_kill event in StepId=3530533.0. Some of the step tasks have been OOM Killed.
srun: error: atl1-1-02-008-2-1: task 0: Out Of Memory
---------------------------------------
Begin Slurm Epilog: Apr-04-2025 15:55:06
Job ID:        3530533
User ID:       jtronge3
Account:       gts-rvuduc3
Job name:      batch-4.sh
Resources:     cpu=24,mem=182808M,node=1
Rsrc Used:     cput=00:21:12,vmem=0,walltime=00:00:53,mem=9336K,energy_used=0
Partition:     cpu-small
QOS:           embers
Nodes:         atl1-1-02-008-2-1
---------------------------------------
