---------------------------------------
Begin Slurm Prolog: Apr-04-2025 15:43:40
Job ID:    3530517
User ID:   jtronge3
Account:   gts-rvuduc3
Job name:  batch-11.sh
Partition: cpu-small
QOS:       embers
---------------------------------------
## options:
dims=[51200, 51200, 51200]
density=1e-07
fiber_density=4e-07
## end options
/storage/home/hcoda1/3/jtronge3/scratch/genten-tests/sample-11.tns 	 1 	 3 	 51200 	 51200 	 51200 	 1 	 nz_slc_cnt 	 51200 	 51200 	 density_slc 	 1 	 1 	 1 	 distr_type 	 2 	 max_fib_per_slc 	 51200 	 1 	 1.95313e-05 	 imbal_fib_per_slc 	 -1 	 0 	 -0 	 std_fib_per_slc 	 0.0102344 	 0 	 0 	 cv_fib_per_slc 	 0.5 	 0 	 0 	 avg_fib_per_slc 	 0.0204688 	 1 	 48.855 	 nz_fib_cnt 	 1048 	 51200 	 density_fib 	 4e-07 	 1.95313e-05 	 48.855 	 48.8281 	 distr_type 	 2 	 max_nz_per_fib 	 51200 	 1934 	 0.0377734 	 imbal_nz_per_fib 	 -1 	 6.20027 	 -6.20027 	 std_nz_per_fib 	 6403.52 	 158.515 	 0.0247544 	 cv_nz_per_fib 	 0.5 	 0.590151 	 1.1803 	 avg_nz_per_fib 	 12807 	 268.601 	 0.0209729 	 nnz 	 13421772 	 13752372 	 density 	 1e-07 	 1.02463e-07 	 1.02826 	 1.02463 	 24 	 TIME 	 0.0011031 	 0.0021302 	 0.1642954 	 0.0048220 	 6.9033581 	 7.0763342 
10.41user 0.51system 0:07.26elapsed 150%CPU (0avgtext+0avgdata 226672maxresident)k
0inputs+573416outputs (22major+15939minor)pagefaults 0swaps
 ---------------------------------------
Begin Slurm Epilog: Apr-04-2025 15:43:48
Job ID:        3530517
User ID:       jtronge3
Account:       gts-rvuduc3
Job name:      batch-11.sh
Resources:     cpu=24,mem=376808M,node=1
Rsrc Used:     cput=00:03:12,vmem=0,walltime=00:00:08,mem=10512K,energy_used=0
Partition:     cpu-small
QOS:           embers
Nodes:         atl1-1-03-002-10-1
---------------------------------------
