---------------------------------------
Begin Slurm Prolog: Apr-04-2025 15:49:36
Job ID:    3530526
User ID:   jtronge3
Account:   gts-rvuduc3
Job name:  batch-1.sh
Partition: cpu-small
QOS:       embers
---------------------------------------
## options:
dims=[800, 800, 800]
density=0.1
fiber_density=0.4
## end options
/storage/home/hcoda1/3/jtronge3/scratch/genten-tests/sample-1.tns 	 1 	 3 	 800 	 800 	 800 	 1 	 nz_slc_cnt 	 800 	 800 	 density_slc 	 1 	 1 	 1 	 distr_type 	 2 	 max_fib_per_slc 	 800 	 521 	 0.65125 	 imbal_fib_per_slc 	 -1 	 1.04902 	 -1.04902 	 std_fib_per_slc 	 160 	 99.6054 	 0.622533 	 cv_fib_per_slc 	 0.5 	 0.391734 	 0.783469 	 avg_fib_per_slc 	 320 	 254.268 	 0.794586 	 nz_fib_cnt 	 256000 	 203414 	 density_fib 	 0.4 	 0.317834 	 1.00612 	 0.794586 	 distr_type 	 2 	 max_nz_per_fib 	 800 	 536 	 0.67 	 imbal_nz_per_fib 	 -1 	 1.53785 	 -1.53785 	 std_nz_per_fib 	 100 	 92.1182 	 0.921182 	 cv_nz_per_fib 	 0.5 	 0.436162 	 0.872323 	 avg_nz_per_fib 	 200 	 211.202 	 1.05601 	 nnz 	 51200000 	 42961461 	 density 	 0.1 	 0.0839091 	 1.02036 	 0.839091 	 24 	 TIME 	 0.0010773 	 0.0008534 	 0.1726162 	 0.0195597 	 20.9315920 	 21.1362826 
21.61user 3.61system 0:21.31elapsed 118%CPU (0avgtext+0avgdata 720024maxresident)k
0inputs+1309008outputs (20major+55264minor)pagefaults 0swaps
 ---------------------------------------
Begin Slurm Epilog: Apr-04-2025 15:49:58
Job ID:        3530526
User ID:       jtronge3
Account:       gts-rvuduc3
Job name:      batch-1.sh
Resources:     cpu=24,mem=182808M,node=1
Rsrc Used:     cput=00:08:48,vmem=0,walltime=00:00:22,mem=10776K,energy_used=0
Partition:     cpu-small
QOS:           embers
Nodes:         atl1-1-02-014-16-1
---------------------------------------
