---------------------------------------
Begin Slurm Prolog: Apr-04-2025 15:44:11
Job ID:    3530519
User ID:   jtronge3
Account:   gts-rvuduc3
Job name:  batch-13.sh
Partition: cpu-small
QOS:       embers
---------------------------------------
## options:
dims=[3276800, 3276800, 3276800]
density=1e-07
fiber_density=4e-07
## end options
Command terminated by signal 9
6905.14user 148.91system 5:15.31elapsed 2237%CPU (0avgtext+0avgdata 384984644maxresident)k
0inputs+0outputs (22major+51547782minor)pagefaults 0swaps
slurmstepd: error: Detected 1 oom_kill event in StepId=3530519.0. Some of the step tasks have been OOM Killed.
srun: error: atl1-1-01-004-30-1: task 0: Out Of Memory
---------------------------------------
Begin Slurm Epilog: Apr-04-2025 15:49:27
Job ID:        3530519
User ID:       jtronge3
Account:       gts-rvuduc3
Job name:      batch-13.sh
Resources:     cpu=24,mem=376808M,node=1
Rsrc Used:     cput=02:06:00,vmem=0,walltime=00:05:15,mem=8936K,energy_used=0
Partition:     cpu-small
QOS:           embers
Nodes:         atl1-1-01-004-30-1
---------------------------------------
