---------------------------------------
Begin Slurm Prolog: Apr-04-2025 15:50:10
Job ID:    3530528
User ID:   jtronge3
Account:   gts-rvuduc3
Job name:  batch-21.sh
Partition: cpu-small
QOS:       embers
---------------------------------------
## options:
dims=[3276800, 3276800, 3276800]
density=1e-11
fiber_density=4e-11
## end options
/storage/home/hcoda1/3/jtronge3/scratch/genten-tests/sample-21.tns 	 1 	 3 	 3276800 	 3276800 	 3276800 	 1 	 nz_slc_cnt 	 3276800 	 3276800 	 density_slc 	 1 	 1 	 1 	 distr_type 	 2 	 max_fib_per_slc 	 3276800 	 1 	 3.05176e-07 	 imbal_fib_per_slc 	 -1 	 0 	 -0 	 std_fib_per_slc 	 6.54602e-05 	 0 	 0 	 cv_fib_per_slc 	 0.5 	 0 	 0 	 avg_fib_per_slc 	 0.00013092 	 1 	 7638.23 	 nz_fib_cnt 	 429 	 3276800 	 density_fib 	 4e-11 	 3.05176e-07 	 7638.23 	 7629.39 	 distr_type 	 2 	 max_nz_per_fib 	 3276800 	 1158 	 0.000353394 	 imbal_nz_per_fib 	 -1 	 9.7838 	 -9.7838 	 std_nz_per_fib 	 410074 	 54.1503 	 0.00013205 	 cv_nz_per_fib 	 0.5 	 0.504271 	 1.00854 	 avg_nz_per_fib 	 820149 	 107.383 	 0.000130932 	 nnz 	 351843720 	 351873618 	 density 	 1e-11 	 1.00008e-11 	 1.0001 	 1.00008 	 24 	 TIME 	 0.0014371 	 0.1049778 	 743.3507594 	 0.1005491 	 184.2224580 	 927.7981078 
16567.30user 20.98system 15:27.90elapsed 1787%CPU (0avgtext+0avgdata 5943284maxresident)k
0inputs+18544176outputs (21major+401360minor)pagefaults 0swaps
 ---------------------------------------
Begin Slurm Epilog: Apr-04-2025 16:05:39
Job ID:        3530528
User ID:       jtronge3
Account:       gts-rvuduc3
Job name:      batch-21.sh
Resources:     cpu=24,mem=182808M,node=1
Rsrc Used:     cput=06:11:12,vmem=0,walltime=00:15:28,mem=9660K,energy_used=0
Partition:     cpu-small
QOS:           embers
Nodes:         atl1-1-02-014-16-1
---------------------------------------
