---------------------------------------
Begin Slurm Prolog: Apr-04-2025 15:54:36
Job ID:    3530535
User ID:   jtronge3
Account:   gts-rvuduc3
Job name:  batch-6.sh
Partition: cpu-small
QOS:       embers
---------------------------------------
## options:
dims=[26214400, 26214400, 26214400]
density=0.1
fiber_density=0.4
## end options
Command terminated by signal 9
2405.46user 38.07system 1:43.47elapsed 2361%CPU (0avgtext+0avgdata 186807024maxresident)k
0inputs+0outputs (50major+1506624minor)pagefaults 0swaps
slurmstepd: error: Detected 1 oom_kill event in StepId=3530535.0. Some of the step tasks have been OOM Killed.
srun: error: atl1-1-02-014-14-1: task 0: Out Of Memory
---------------------------------------
Begin Slurm Epilog: Apr-04-2025 15:56:20
Job ID:        3530535
User ID:       jtronge3
Account:       gts-rvuduc3
Job name:      batch-6.sh
Resources:     cpu=24,mem=182808M,node=1
Rsrc Used:     cput=00:41:36,vmem=0,walltime=00:01:44,mem=11316K,energy_used=0
Partition:     cpu-small
QOS:           embers
Nodes:         atl1-1-02-014-14-1
---------------------------------------
