---------------------------------------
Begin Slurm Prolog: Apr-04-2025 15:55:34
Job ID:    3530538
User ID:   jtronge3
Account:   gts-rvuduc3
Job name:  batch-9.sh
Partition: cpu-small
QOS:       embers
---------------------------------------
## options:
dims=[800, 800, 800]
density=1e-07
fiber_density=4e-07
## end options
/storage/home/hcoda1/3/jtronge3/scratch/genten-tests/sample-9.tns 	 1 	 3 	 800 	 800 	 800 	 1 	 nz_slc_cnt 	 800 	 800 	 density_slc 	 1 	 1 	 1 	 distr_type 	 0 	 max_fib_per_slc 	 800 	 0 	 0 	 imbal_fib_per_slc 	 -1 	 -nan 	 -nan 	 std_fib_per_slc 	 0 	 0 	 -nan 	 cv_fib_per_slc 	 0.5 	 -nan 	 -nan 	 avg_fib_per_slc 	 0 	 0 	 -nan 	 nz_fib_cnt 	 0 	 0 	 density_fib 	 4e-07 	 0 	 -nan 	 0 	 distr_type 	 2 	 max_nz_per_fib 	 800 	 0 	 0 	 imbal_nz_per_fib 	 -1 	 -nan 	 -nan 	 std_nz_per_fib 	 inf 	 -nan 	 -nan 	 cv_nz_per_fib 	 0.5 	 -nan 	 -nan 	 avg_nz_per_fib 	 inf 	 -nan 	 -nan 	 nnz 	 51 	 0 	 density 	 1e-07 	 0 	 0 	 0 	 24 	 TIME 	 0.0089881 	 0.0005330 	 0.0000441 	 0.0000080 	 0.0005632 	 0.0102033 
0.20user 0.00system 0:00.01elapsed 1584%CPU (0avgtext+0avgdata 4296maxresident)k
0inputs+0outputs (0major+201minor)pagefaults 0swaps
 ---------------------------------------
Begin Slurm Epilog: Apr-04-2025 15:55:35
Job ID:        3530538
User ID:       jtronge3
Account:       gts-rvuduc3
Job name:      batch-9.sh
Resources:     cpu=24,mem=182808M,node=1
Rsrc Used:     cput=00:00:24,vmem=0,walltime=00:00:01,mem=8840K,energy_used=0
Partition:     cpu-small
QOS:           embers
Nodes:         atl1-1-02-007-6-2
---------------------------------------
