---------------------------------------
Begin Slurm Prolog: Apr-04-2025 15:44:41
Job ID:    3530522
User ID:   jtronge3
Account:   gts-rvuduc3
Job name:  batch-16.sh
Partition: cpu-small
QOS:       embers
---------------------------------------
## options:
dims=[100, 100, 100]
density=1e-11
fiber_density=4e-11
## end options
/storage/home/hcoda1/3/jtronge3/scratch/genten-tests/sample-16.tns 	 1 	 3 	 100 	 100 	 100 	 1 	 nz_slc_cnt 	 100 	 100 	 density_slc 	 1 	 1 	 1 	 distr_type 	 0 	 max_fib_per_slc 	 100 	 0 	 0 	 imbal_fib_per_slc 	 -1 	 -nan 	 -nan 	 std_fib_per_slc 	 0 	 0 	 -nan 	 cv_fib_per_slc 	 0.5 	 -nan 	 -nan 	 avg_fib_per_slc 	 0 	 0 	 -nan 	 nz_fib_cnt 	 0 	 0 	 density_fib 	 4e-11 	 0 	 -nan 	 0 	 distr_type 	 2 	 max_nz_per_fib 	 100 	 0 	 0 	 imbal_nz_per_fib 	 -1 	 -nan 	 -nan 	 std_nz_per_fib 	 -nan 	 -nan 	 -nan 	 cv_nz_per_fib 	 0.5 	 -nan 	 -nan 	 avg_nz_per_fib 	 -nan 	 -nan 	 -nan 	 nnz 	 0 	 0 	 density 	 1e-11 	 0 	 -nan 	 0 	 24 	 TIME 	 0.0010849 	 0.0004584 	 0.0000504 	 0.0000109 	 0.0019871 	 0.0036639 
0.05user 0.02system 0:10.01elapsed 0%CPU (0avgtext+0avgdata 4324maxresident)k
0inputs+0outputs (1major+173minor)pagefaults 0swaps
 ---------------------------------------
Begin Slurm Epilog: Apr-04-2025 15:44:52
Job ID:        3530522
User ID:       jtronge3
Account:       gts-rvuduc3
Job name:      batch-16.sh
Resources:     cpu=24,mem=376808M,node=1
Rsrc Used:     cput=00:04:24,vmem=0,walltime=00:00:11,mem=8504K,energy_used=0
Partition:     cpu-small
QOS:           embers
Nodes:         atl1-1-03-002-1-1
---------------------------------------
