---------------------------------------
Begin Slurm Prolog: Apr-04-2025 15:43:40
Job ID:    3530516
User ID:   jtronge3
Account:   gts-rvuduc3
Job name:  batch-10.sh
Partition: cpu-small
QOS:       embers
---------------------------------------
## options:
dims=[6400, 6400, 6400]
density=1e-07
fiber_density=4e-07
## end options
/storage/home/hcoda1/3/jtronge3/scratch/genten-tests/sample-10.tns 	 1 	 3 	 6400 	 6400 	 6400 	 1 	 nz_slc_cnt 	 6400 	 6400 	 density_slc 	 1 	 1 	 1 	 distr_type 	 2 	 max_fib_per_slc 	 6400 	 1 	 0.00015625 	 imbal_fib_per_slc 	 -1 	 0 	 -0 	 std_fib_per_slc 	 0.00125 	 0 	 0 	 cv_fib_per_slc 	 0.5 	 0 	 0 	 avg_fib_per_slc 	 0.0025 	 1 	 400 	 nz_fib_cnt 	 16 	 6400 	 density_fib 	 4e-07 	 0.00015625 	 400 	 390.625 	 distr_type 	 2 	 max_nz_per_fib 	 6400 	 23 	 0.00359375 	 imbal_nz_per_fib 	 -1 	 4.58337 	 -4.58337 	 std_nz_per_fib 	 819.188 	 2.08097 	 0.00254029 	 cv_nz_per_fib 	 0.5 	 0.505166 	 1.01033 	 avg_nz_per_fib 	 1638.38 	 4.11937 	 0.00251431 	 nnz 	 26214 	 26364 	 density 	 1e-07 	 1.00571e-07 	 1.00603 	 1.00571 	 24 	 TIME 	 0.0010488 	 0.0008089 	 0.0022503 	 0.0000929 	 0.0156989 	 0.0200581 
0.18user 0.02system 0:00.19elapsed 109%CPU (0avgtext+0avgdata 4680maxresident)k
0inputs+960outputs (22major+583minor)pagefaults 0swaps
 ---------------------------------------
Begin Slurm Epilog: Apr-04-2025 15:43:41
Job ID:        3530516
User ID:       jtronge3
Account:       gts-rvuduc3
Job name:      batch-10.sh
Resources:     cpu=24,mem=376808M,node=1
Rsrc Used:     cput=00:00:24,vmem=0,walltime=00:00:01,mem=9788K,energy_used=0
Partition:     cpu-small
QOS:           embers
Nodes:         atl1-1-01-004-30-1
---------------------------------------
