---------------------------------------
Begin Slurm Prolog: Apr-04-2025 15:54:09
Job ID:    3530532
User ID:   jtronge3
Account:   gts-rvuduc3
Job name:  batch-3.sh
Partition: cpu-small
QOS:       embers
---------------------------------------
## options:
dims=[51200, 51200, 51200]
density=0.1
fiber_density=0.4
## end options
Command terminated by signal 9
1006.92user 166.33system 1:10.93elapsed 1654%CPU (0avgtext+0avgdata 186770300maxresident)k
0inputs+0outputs (141major+45868490minor)pagefaults 0swaps
slurmstepd: error: Detected 1 oom_kill event in StepId=3530532.0. Some of the step tasks have been OOM Killed.
srun: error: atl1-1-02-007-6-2: task 0: Out Of Memory
---------------------------------------
Begin Slurm Epilog: Apr-04-2025 15:55:30
Job ID:        3530532
User ID:       jtronge3
Account:       gts-rvuduc3
Job name:      batch-3.sh
Resources:     cpu=24,mem=182808M,node=1
Rsrc Used:     cput=00:32:48,vmem=0,walltime=00:01:22,mem=10604K,energy_used=0
Partition:     cpu-small
QOS:           embers
Nodes:         atl1-1-02-007-6-2
---------------------------------------
