---------------------------------------
Begin Slurm Prolog: Apr-07-2025 16:40:25
Job ID:    3593583
User ID:   jtronge3
Account:   gts-rvuduc3
Job name:  batch-5.sh
Partition: cpu-small
QOS:       inferno
---------------------------------------
==> opts={"dims": [639372, 56306090, 3214382], "density": 7.80441e-12, "fiber_density": 2.81914e-06, "cv_fiber_per_slice": 5.24218, "cv_nnz_per_fiber": 1.04003}
==> start_time=1744058425
/var/lib/slurm/slurmd/job3593583/slurm_script: line 8: 2092584 Killed                  ./pgentensor/target/release/pgentensor --fname /storage/home/hcoda1/3/jtronge3/scratch/pgentensor-flickr-3d-2025-04-07/sample-5.tns --dims 639372x56306090x3214382 --density 7.80441e-12 --fiber-density 2.81914e-06 --cv-fiber-slice 5.24218 --cv-nonzero-fiber 1.04003
==> end_time=1744058796
slurmstepd: error: Detected 1 oom_kill event in StepId=3593583.batch. Some of the step tasks have been OOM Killed.
---------------------------------------
Begin Slurm Epilog: Apr-07-2025 16:46:36
Job ID:        3593583
User ID:       jtronge3
Account:       gts-rvuduc3
Job name:      batch-5.sh
Resources:     cpu=24,mem=182808M,node=1
Rsrc Used:     cput=02:29:12,vmem=0,walltime=00:06:13,mem=187193972K,energy_used=0
Partition:     cpu-small
QOS:           inferno
Nodes:         atl1-1-02-005-25-2
---------------------------------------
