---------------------------------------
Begin Slurm Prolog: Apr-05-2025 20:44:36
Job ID:    3555246
User ID:   jtronge3
Account:   gts-rvuduc3
Job name:  batch-5.sh
Partition: cpu-small
QOS:       embers
---------------------------------------
==> opts={"dims": [639372, 56306090, 3214382], "density": 7.80441e-12, "fiber_density": 2.81914e-06, "cv_fiber_per_slice": 5.24218, "cv_nnz_per_fiber": 1.04003}
==> start_time=1743900276
slurmstepd: error: *** STEP 3555246.0 ON atl1-1-02-007-5-1 CANCELLED AT 2025-04-05T21:44:50 ***
srun: error: atl1-1-02-007-5-1: task 0: Terminated
srun: Force Terminated StepId=3555246.0
==> end_time=1743903890
---------------------------------------
Begin Slurm Epilog: Apr-05-2025 21:44:50
Job ID:        3555246
User ID:       jtronge3
Account:       gts-rvuduc3
Job name:      batch-5.sh
Resources:     cpu=24,mem=182808M,node=1
Rsrc Used:     cput=1-00:05:36,vmem=0,walltime=01:00:14,mem=11416K,energy_used=0
Partition:     cpu-small
QOS:           embers
Nodes:         atl1-1-02-007-5-1
---------------------------------------
