---------------------------------------
Begin Slurm Prolog: Apr-05-2025 20:44:36
Job ID:    3555244
User ID:   jtronge3
Account:   gts-rvuduc3
Job name:  batch-3.sh
Partition: cpu-small
QOS:       embers
---------------------------------------
==> opts={"dims": [402779, 35470614, 2024933], "density": 7.80441e-12, "fiber_density": 2.81914e-06, "cv_fiber_per_slice": 5.24218, "cv_nnz_per_fiber": 1.04003}
==> start_time=1743900276
slurmstepd: error: *** STEP 3555244.0 ON atl1-1-02-007-4-1 CANCELLED AT 2025-04-05T21:44:45 ***
srun: error: atl1-1-02-007-4-1: task 0: Terminated
srun: Force Terminated StepId=3555244.0
==> end_time=1743903885
---------------------------------------
Begin Slurm Epilog: Apr-05-2025 21:44:46
Job ID:        3555244
User ID:       jtronge3
Account:       gts-rvuduc3
Job name:      batch-3.sh
Resources:     cpu=24,mem=182808M,node=1
Rsrc Used:     cput=1-00:03:36,vmem=0,walltime=01:00:09,mem=11324K,energy_used=0
Partition:     cpu-small
QOS:           embers
Nodes:         atl1-1-02-007-4-1
---------------------------------------
